<?xml version="1.0" encoding="UTF-8"?>
<!-- Generated by org.testng.reporters.JUnitReportReporter -->
<testsuite hostname="PSDLAP070" failures="0" tests="1" name="OAuth2.OAuth2Token" time="6.565" errors="0" timestamp="2021-03-15T22:02:09 IST" skipped="0">
  <testcase classname="OAuth2.OAuth2Token" name="TC_02" time="6.565"/>
  <system-out/>
</testsuite> <!-- OAuth2.OAuth2Token -->
