<?xml version="1.0" encoding="UTF-8"?>
<!-- Generated by org.testng.reporters.JUnitReportReporter -->
<testsuite hostname="PSDLAP070" failures="0" tests="1" name="Listeners.ExtentReportDemoWithTestNG" time="1.778" errors="0" timestamp="2021-03-16T22:04:29 IST" skipped="0">
  <testcase classname="Listeners.ExtentReportDemoWithTestNG" name="test1" time="1.778"/>
  <system-out/>
</testsuite> <!-- Listeners.ExtentReportDemoWithTestNG -->
