<?xml version="1.0" encoding="UTF-8"?>
<!-- Generated by org.testng.reporters.JUnitReportReporter -->
<testsuite hostname="PSDLAP070" failures="0" tests="3" name="Listeners.TestNGPriorityDemo" time="0.026" errors="0" timestamp="2021-03-18T10:51:49 IST" skipped="0">
  <testcase classname="Listeners.TestNGPriorityDemo" name="test2" time="0.022"/>
  <system-out/>
  <testcase classname="Listeners.TestNGPriorityDemo" name="test3" time="0.002"/>
  <system-out/>
  <testcase classname="Listeners.TestNGPriorityDemo" name="test1" time="0.002"/>
  <system-out/>
</testsuite> <!-- Listeners.TestNGPriorityDemo -->
